==============================[ Start Pools Initialisation ]==============================
[+] topchunk_pool mapped @ 0x7cb868018000
[+] meta_pool mapped @ 0x7cb868018048
==============================[ End Pools Initialisation ]==============================

[+] 56 bytes allocated @ 0x1000cc000
[+] Memory @ 0x1000cc000 successfully freed.
[+] 24 bytes allocated @ 0x1000cc000
 └──> Chunk @ 0x7cb868018048 fragmented => new freed chunk created @ 0x1000cc020
[+] 288 bytes allocated @ 0x1000cc040
[+] 288 bytes set to 0 @ 0x1000cc040
[+] 24 bytes allocated @ 0x1000cc020
[+] 288 bytes allocated @ 0x1000cc168
[+] 288 bytes set to 0 @ 0x1000cc168
[+] Memory @ 0x1000cc000 successfully freed.
[+] 24 bytes allocated @ 0x1000cc000
[+] 288 bytes allocated @ 0x1000cc290
[+] 288 bytes set to 0 @ 0x1000cc290
??? 0x1000cc020 is not found in allocated chunks ???
[+] Memory @ 0x1000cc000 successfully freed.
[+] 24 bytes allocated @ 0x1000cc000
[+] 24 bytes allocated @ 0x1000cc3b8
[+] 288 bytes allocated @ 0x1000cc3d8
[+] 288 bytes set to 0 @ 0x1000cc3d8
[+] 288 bytes allocated @ 0x1000cc500
[+] 288 bytes set to 0 @ 0x1000cc500
[+] Memory @ 0x1000cc000 successfully freed.
[+] Memory @ 0x1000cc3b8 successfully freed.
[+] 8 bytes allocated @ 0x1000cc000
 └──> Chunk @ 0x7cb868018048 fragmented => new freed chunk created @ 0x1000cc010
[+] Memory @ 0x1000cc000 successfully freed.
[+] 16 bytes allocated @ 0x1000cc000
[+] Memory @ 0x1000cc000 successfully freed.
[+] 8 bytes allocated @ 0x1000cc010
[+] Memory @ 0x1000cc010 successfully freed.
[+] 8 bytes allocated @ 0x1000cc010
 └──> Chunk @ 0x7cb868018160 fragmented => new freed chunk created @ 0x1000cc[+] 1024 bytes allocated @ 0x10008c980
[+] 216 bytes allocated @ 0x10008cd88
[+] 472 bytes allocated @ 0x10008ce68
[+] 120 bytes allocated @ 0x10008d048
[+] 4096 bytes allocated @ 0x10008d0c8
[+] 544 bytes allocated @ 0x10008e0d0
[+] 544 bytes allocated @ 0x10008e2f8
[+] 544 bytes allocated @ 0x10008e520
[+] 80 bytes allocated @ 0x10008e748
[+] 64 bytes allocated @ 0x10008e7a0
[+] 552 bytes allocated @ 0x10008e7e8
[+] 544 bytes allocated @ 0x10008ea18
[+] 552 bytes allocated @ 0x10008ec40
[+] 96 bytes allocated @ 0x10008ee70
[+] 48 bytes allocated @ 0x10008eed8
[+] 544 bytes allocated @ 0x10008ef10
[+] 64 bytes allocated @ 0x10008f138
[+] 80 bytes allocated @ 0x10008f180
[+] 544 bytes allocated @ 0x10008f1d8
[+] 64 bytes allocated @ 0x10008f400
[+] Memory @ 0x10008d048 successfully freed.
[+] 48 bytes allocated @ 0x10008d048
[+] 544 bytes allocated @ 0x10008f448
[+] 64 bytes allocated @ 0x10008c000
 └──> Chunk @ 0xaf320 fragmented => new freed chunk created @ 0x10008c048
[+] Memory @ 0x10008d0c8 successfully freed.
[+] Memory @ 0x10008ce68 successfully freed.
[+] 472 bytes allocated @ 0x10008ce68
[+] 4096 bytes allocated @ 0x10008d0c8
[+] Memory @ 0x10008d0c8 successfully freed.
[+] Memory @ 0x10008ce68 successfully freed.
??? 0x10008c980 is not found in allocated chunks ???
 created @ 0x1000cc048
[+] Memory @ 0x1000cc038 successfully freed.
[+] 8 bytes allocated @ 0x1000cc038
[+] Memory @ 0x1000cc038 successfully freed.
[+] 8 bytes allocated @ 0x1000cc048
[+] Memory @ 0x1000cc048 successfully freed.
[+] 8 bytes allocated @ 0x1000cc048
[+] Memory @ 0x1000cc048 successfully freed.
[+] 16 bytes allocated @ 0x1000cc038
[+] Memory @ 0x1000cc038 successfully freed.
[+] 8 bytes allocated @ 0x1000cc038
[+] Memory @ 0x1000cc038 successfully freed.
[+] 16 bytes allocated @ 0x1000cc048
[+] Memory @ 0x1000cc048 successfully freed.
[+] 16 bytes allocated @ 0x1000cc048
[+] Memory @ 0x1000cc048 successfully freed.
[+] 8 bytes allocated @ 0x1000cc038
 └──> Chunk @ 0x7cb868018048 fragmented => new freed chunk created @ 0x1000cc048
[+] Memory @ 0x1000cc038 successfully freed.
[+] 8 bytes allocated @ 0x1000cc038
[+] Memory @ 0x1000cc038 successfully freed.
[+] 8 bytes allocated @ 0x1000cc048
[+] Memory @ 0x1000cc048 successfully freed.
[+] 8 bytes allocated @ 0x1000cc048
[+] Memory @ 0x1000cc048 successfully freed.
[+] 8 bytes allocated @ 0x1000cc038
[+] Memory @ 0x1000cc038 successfully freed.
[+] 8 bytes allocated @ 0x1000cc038
[+] Memory @ 0x1000cc038 successfully freed.
[+] 8 bytes allocated @ 0x1000cc048
[+] Memory @ 0x1000cc048 successfully freed.
[+] 16 bytes allocated @ 0x1000cc048
[+] Memory @ 0x1000cc048 successfully freed.
[+] 16 bytes allocated @ 0x1000cc038
[+] Memory @ 0x1000cc038 successfully freed.
[+] 16 bytes allocated @ 0x1000cc038
[+] Memory @ 0x1000cc038 successfully freed.
[+] 24 bytes allocated @ 0x1000cc048
[+] Memory @ 0x1000cc048 successfully freed.
[+] 16 bytes allocated @ 0x1000cc048
[+] Memory @ 0x1000cc048 successfully freed.
[+] 16 bytes allocated @ 0x1000cc038
 └──> Chunk @ 0x7cb868018048 fragmented => new freed chunk created @ 0x1000cc050
[+] Memory @ 0x1000cc038 successfully freed.
[+] 16 bytes allocated @ 0x1000cc038
[+] Memory @ 0x1000cc038 successfully freed.
[+] 24 bytes allocated @ 0x1000cc050
[+] Memory @ 0x1000cc050 successfully freed.
[+] 16 bytes allocated @ 0x1000cc050
[+] Memory @ 0x1000cc050 successfully freed.
[+] 16 bytes allocated @ 0x1000cc038
 └──> Chunk @ 0x7cb868018048 fragmented => new freed chunk created @ 0x1000cc050
[+] Memory @ 0x1000cc038 successfully freed.
[+] 8 bytes allocated @ 0x1000cc038
[+] Memory @ 0x1000cc038 successfully freed.
[+] 8 bytes allocated @ 0x1000cc050
 └──> Chunk @ 0x7cb868018048 fragmented => new freed chunk created @ 0x1000cc060
[+] Memory @ 0x1000cc050 successfully freed.
[+] 8 bytes allocated @ 0x1000cc050
[+] Memory @ 0x1000cc050 successfully freed.
[+] 16 bytes allocated @ 0x1000cc060
[+] Memory @ 0x1000cc060 successfully freed.
[+] 8 bytes allocated @ 0x1000cc060
[+] Memory @ 0x1000cc060 successfully freed.
[+] 16 bytes allocated @ 0x1000cc050
[+] Memory @ 0x1000cc050 successfully freed.
[+] 8 bytes allocated @ 0x1000cc050
[+] Memory @ 0x1000cc050 successfully freed.
[+] 16 bytes allocated @ 0x1000cc060
[+] Memory @ 0x1000cc060 successfully freed.
[+] 16 bytes allocated @ 0x1000cc060
[+] Memory @ 0x1000cc060 successfully freed.
[+] 8 bytes allocated @ 0x1000cc050
 └──> Chunk @ 0x7cb868018048 fragmented => new freed chunk created @ 0x1000cc060
[+] Memory @ 0x1000cc050 successfully freed.
[+] 8 bytes allocated @ 0x1000cc050
[+] Memory @ 0x1000cc050 successfully freed.
[+] 8 bytes allocated @ 0x1000cc060
[+] Memory @ 0x1000cc060 successfully freed.
[+] 16 bytes allocated @ 0x1000cc060
[+] Memory @ 0x1000cc060 successfully freed.
[+] 16 bytes allocated @ 0x1000cc050
[+] Memory @ 0x1000cc050 successfully freed.
[+] 16 bytes allocated @ 0x1000cc050
[+] Memory @ 0x1000cc050 successfully freed.
[+] 16 bytes allocated @ 0x1000cc060
[+] Memory @ 0x1000cc060 successfully freed.
[+] 16 bytes allocated @ 0x1000cc060
[+] Memory @ 0x1000cc060 successfully freed.
[+] 16 bytes allocated @ 0x1000cc050
[+] Memory @ 0x1000cc050 successfully freed.
[+] 16 bytes allocated @ 0x1000cc050
[+] Memory @ 0x1000cc050 successfully freed.
[+] 16 bytes allocated @ 0x1000cc060
[+] Memory @ 0x1000cc060 successfully freed.
[+] 8 bytes allocated @ 0x1000cc060
 └──> Chunk @ 0x7cb868018160 fragmented => new freed chunk created @ 0x1000cc070
[+] Memory @ 0x1000cc060 successfully freed.
[+] 16 bytes allocated @ 0x1000cc060
[+] Memory @ 0x1000cc060 successfully freed.
[+] 8 bytes allocated @ 0x1000cc060
[+] Memory @ 0x1000cc060 successfully freed.
[+] 16 bytes allocated @ 0x1000cc070
[+] Memory @ 0x1000cc070 successfully freed.
[+] 8 bytes allocated @ 0x1000cc070
[+] Memory @ 0x1000cc070 successfully freed.
[+] 16 bytes allocated @ 0x1000cc060
[+] Memory @ 0x1000cc060 successfully freed.
[+] 16 bytes allocated @ 0x1000cc060
[+] Memory @ 0x1000cc060 successfully freed.
[+] 16 bytes allocated @ 0x1000cc070
[+] Memory @ 0x1000cc070 successfully freed.
[+] 16 bytes allocated @ 0x1000cc070
[+] Memory @ 0x1000cc070 successfully freed.
[+] 16 bytes allocated @ 0x1000cc060
[+] Memory @ 0x1000cc060 successfully freed.
[+] 16 bytes allocated @ 0x1000cc060
[+] Memory @ 0x1000cc060 successfully freed.
[+] 16 bytes allocated @ 0x1000cc070
[+] Memory @ 0x1000cc070 successfully freed.
[+] 16 bytes allocated @ 0x1000cc070
[+] Memory @ 0x1000cc070 successfully freed.
[+] 8 bytes allocated @ 0x1000cc060
 └──> Chunk @ 0x7cb868018048 fragmented => new freed chunk created @ 0x1000cc070
[+] Memory @ 0x1000cc060 successfully freed.
[+] 8 bytes allocated @ 0x1000cc060
[+] Memory @ 0x1000cc060 successfully freed.
[+] 16 bytes allocated @ 0x1000cc070
[+] Memory @ 0x1000cc070 successfully freed.
[+] 8 bytes allocated @ 0x1000cc070
[+] Memory @ 0x1000cc070 successfully freed.
[+] 16 bytes allocated @ 0x1000cc060
[+] Memory @ 0x1000cc060 successfully freed.
[+] 16 bytes allocated @ 0x1000cc060
[+] Memory @ 0x1000cc060 successfully freed.
[+] 8 bytes allocated @ 0x1000cc070
 └──> Chunk @ 0x7cb868018048 fragmented => new freed chunk created @ 0x1000cc080
[+] Memory @ 0x1000cc070 successfully freed.
[+] 8 bytes allocated @ 0x1000cc070
[+] Memory @ 0x1000cc070 successfully freed.
[+] 16 bytes allocated @ 0x1000cc080
[+] Memory @ 0x1000cc080 successfully freed.
[+] 16 bytes allocated @ 0x1000cc080
[+] Memory @ 0x1000cc080 successfully freed.
[+] 16 bytes allocated @ 0x1000cc070
[+] Memory @ 0x1000cc070 successfully freed.
[+] 16 bytes allocated @ 0x1000cc070
[+] Memory @ 0x1000cc070 successfully freed.
[+] 8 bytes allocated @ 0x1000cc080
 └──> Chunk @ 0x7cb868018048 fragmented => new freed chunk created @ 0x1000cc090
[+] Memory @ 0x1000cc080 successfully freed.
[+] 8 bytes allocated @ 0x1000cc080
[+] Memory @ 0x1000cc080 successfully freed.
[+] 16 bytes allocated @ 0x1000cc090
[+] Memory @ 0x1000cc090 successfully freed.
[+] 16 bytes allocated @ 0x1000cc090
[+] Memory @ 0x1000cc090 successfully freed.
[+] 16 bytes allocated @ 0x1000cc080
[+] Memory @ 0x1000cc080 successfully freed.
[+] 8 bytes allocated @ 0x1000cc080
 └──> Chunk @ 0x7cb868018160 fragmented => new freed chunk created @ 0x1000cc090
[+] Memory @ 0x1000cc080 successfully freed.
[+] 8 bytes allocated @ 0x1000cc090
[+] Memory @ 0x1000cc090 successfully freed.
[+] 8 bytes allocated @ 0x1000cc090
[+] Memory @ 0x1000cc090 successfully freed.
[+] 8 bytes allocated @ 0x1000cc080
[+] Memory @ 0x1000cc080 successfully freed.
[+] 8 bytes allocated @ 0x1000cc080
[+] Memory @ 0x1000cc080 successfully freed.
[+] 16 bytes allocated @ 0x1000cc090
[+] Memory @ 0x1000cc090 successfully freed.
[+] 8 bytes allocated @ 0x1000cc090
[+] Memory @ 0x1000cc090 successfully freed.
[+] 16 bytes allocated @ 0x1000cc080
[+] Memory @ 0x1000cc080 successfully freed.
[+] 8 bytes allocated @ 0x1000cc080
[+] Memory @ 0x1000cc080 successfully freed.
[+] 8 bytes allocated @ 0x1000cc090
 └──> Chunk @ 0x7cb868018048 fragmented => new freed chunk created @ 0x1000cc0a0
[+] Memory @ 0x1000cc090 successfully freed.
[+] 16 bytes allocated @ 0x1000cc090
[+] Memory @ 0x1000cc090 successfully freed.
[+] 16 bytes allocated @ 0x1000cc0a0
[+] Memory @ 0x1000cc0a0 successfully freed.
[+] 8 bytes allocated @ 0x1000cc0a0
 └──> Chunk @ 0x7cb868018160 fragmented => new freed chunk created @ 0x1000cc0b0
[+] Memory @ 0x1000cc0a0 successfully freed.
[+] 16 bytes allocated @ 0x1000cc0a0
[+] Memory @ 0x1000cc0a0 successfully freed.
[+] 16 bytes allocated @ 0x1000cc0a0
[+] Memory @ 0x1000cc0a0 successfully freed.
[+] 16 bytes allocated @ 0x1000cc0b0
[+] Memory @ 0x1000cc0b0 successfully freed.
[+] 16 bytes allocated @ 0x1000cc0b0
[+] Memory @ 0x1000cc0b0 successfully freed.
[+] 16 bytes allocated @ 0x1000cc0a0
[+] Memory @ 0x1000cc0a0 successfully freed.
[+] 16 bytes allocated @ 0x1000cc0a0
[+] Memory @ 0x1000cc0a0 successfully freed.
[+] 16 bytes allocated @ 0x1000cc0b0
[+] Memory @ 0x1000cc0b0 successfully freed.
[+] 8 bytes allocated @ 0x1000cc0b0
 └──> Chunk @ 0x7cb868018160 fragmented => new freed chunk created @ 0x1000cc0c0
[+] Memory @ 0x1000cc0b0 successfully freed.
[+] 8 bytes allocated @ 0x1000cc0c0
[+] Memory @ 0x1000cc0c0 successfully freed.
[+] 8 bytes allocated @ 0x1000cc0c0
[+] Memory @ 0x1000cc0c0 successfully freed.
[+] 16 bytes allocated @ 0x1000cc0b0
[+] Memory @ 0x1000cc0b0 successfully freed.
[+] 16 bytes allocated @ 0x1000cc0b0
[+] Memory @ 0x1000cc0b0 successfully freed.
[+] 8 bytes allocated @ 0x1000cc0c0
 └──> Chunk @ 0x7cb868018048 fragmented => new freed chunk created @ 0x1000cc0d0
[+] Memory @ 0x1000cc0c0 successfully freed.
[+] 16 bytes allocated @ 0x1000cc0c0
[+] Memory @ 0x1000cc0c0 successfully freed.
[+] 8 bytes allocated @ 0x1000cc0d0
[+] Memory @ 0x1000cc0d0 successfully freed.
[+] 16 bytes allocated @ 0x1000cc0d0
[+] Memory @ 0x1000cc0d0 successfully freed.
[+] 8 bytes allocated @ 0x1000cc0c0
[+] Memory @ 0x1000cc0c0 successfully freed.
[+] 16 bytes allocated @ 0x1000cc0c0
[+] Memory @ 0x1000cc0c0 successfully freed.
[+] 16 bytes allocated @ 0x1000cc0d0
[+] Memory @ 0x1000cc0d0 successfully freed.
[+] 16 bytes allocated @ 0x1000cc0d0
[+] Memory @ 0x1000cc0d0 successfully freed.
[+] 16 bytes allocated @ 0x1000cc0c0
[+] Memory @ 0x1000cc0c0 successfully freed.
[+] 16 bytes allocated @ 0x1000cc0c0
[+] Memory @ 0x1000cc0c0 successfully freed.
[+] 16 bytes allocated @ 0x1000cc0d0
[+] Memory @ 0x1000cc0d0 successfully freed.
[+] 8 bytes allocated @ 0x1000cc0d0
 └──> Chunk @ 0x7cb868018160 fragmented => new freed chunk created @ 0x1000cc0e0
[+] Memory @ 0x1000cc0d0 successfully freed.
[+] 8 bytes allocated @ 0x1000cc0e0
[+] Memory @ 0x1000cc0e0 successfully freed.
[+] 8 bytes allocated @ 0x1000cc0e0
[+] Memory @ 0x1000cc0e0 successfully freed.
[+] 8 bytes allocated @ 0x1000cc0d0
[+] Memory @ 0x1000cc0d0 successfully freed.
[+] 8 bytes allocated @ 0x1000cc0d0
[+] Memory @ 0x1000cc0d0 successfully freed.
[+] 16 bytes allocated @ 0x1000cc0e0
[+] Memory @ 0x1000cc0e0 successfully freed.
[+] 16 bytes allocated @ 0x1000cc0e0
[+] Memory @ 0x1000cc0e0 successfully freed.
[+] 16 bytes allocated @ 0x1000cc0d0
[+] Memory @ 0x1000cc0d0 successfully freed.
[+] 16 bytes allocated @ 0x1000cc0d0
[+] Memory @ 0x1000cc0d0 successfully freed.
[+] 16 bytes allocated @ 0x1000cc0e0
[+] Memory @ 0x1000cc0e0 successfully freed.
[+] 16 bytes allocated @ 0x1000cc0e0
[+] Memory @ 0x1000cc0e0 successfully freed.
[+] 16 bytes allocated @ 0x1000cc0d0
[+] Memory @ 0x1000cc0d0 successfully freed.
[+] 16 bytes allocated @ 0x1000cc0d0
[+] Memory @ 0x1000cc0d0 successfully freed.
[+] 8 bytes allocated @ 0x1000cc0e0
 └──> Chunk @ 0x7cb868018048 fragmented => new freed chunk created @ 0x1000cc0f0
[+] Memory @ 0x1000cc0e0 successfully freed.
[+] 16 bytes allocated @ 0x1000cc0e0
[+] Memory @ 0x1000cc0e0 successfully freed.
[+] 16 bytes allocated @ 0x1000cc0f0
[+] Memory @ 0x1000cc0f0 successfully freed.
[+] 8 bytes allocated @ 0x1000cc0f0
 └──> Chunk @ 0x7cb868018160 fragmented => new freed chunk created @ 0x1000cc100
[+] Memory @ 0x1000cc0f0 successfully freed.
[+] 16 bytes allocated @ 0x1000cc0f0
[+] Memory @ 0x1000cc0f0 successfully freed.
[+] 8 bytes allocated @ 0x1000cc0f0
[+] Memory @ 0x1000cc0f0 successfully freed.
[+] 16 bytes allocated @ 0x1000cc100
[+] Memory @ 0x1000cc100 successfully freed.
[+] 16 bytes allocated @ 0x1000cc100
[+] Memory @ 0x1000cc100 successfully freed.
[+] 8 bytes allocated @ 0x1000cc0f0
 └──> Chunk @ 0x7cb868018048 fragmented => new freed chunk created @ 0x1000cc100
[+] Memory @ 0x1000cc0f0 successfully freed.
[+] 8 bytes allocated @ 0x1000cc0f0
[+] Memory @ 0x1000cc0f0 successfully freed.
[+] 16 bytes allocated @ 0x1000cc100
[+] Memory @ 0x1000cc100 successfully freed.
[+] 24 bytes allocated @ 0x1000cc100
[+] Memory @ 0x1000cc100 successfully freed.
[+] 16 bytes allocated @ 0x1000cc0f0
[+] Memory @ 0x1000cc0f0 successfully freed.
[+] 16 bytes allocated @ 0x1000cc0f0
 └──> Chunk @ 0x7cb868018160 fragmented => new freed chunk created @ 0x1000cc108
[+] Memory @ 0x1000cc0f0 successfully freed.
[+] 24 bytes allocated @ 0x1000cc0f0
[+] Memory @ 0x1000cc0f0 successfully freed.
[+] 16 bytes allocated @ 0x1000cc0f0
[+] Memory @ 0x1000cc0f0 successfully freed.
[+] 16 bytes allocated @ 0x1000cc108
 └──> Chunk @ 0x7cb868018048 fragmented => new freed chunk created @ 0x1000cc120
[+] Memory @ 0x1000cc108 successfully freed.
[+] 16 bytes allocated @ 0x1000cc108
[+] Memory @ 0x1000cc108 successfully freed.
[+] 16 bytes allocated @ 0x1000cc120
[+] Memory @ 0x1000cc120 successfully freed.
[+] 24 bytes allocated @ 0x1000cc120
[+] Memory @ 0x1000cc120 successfully freed.
[+] 16 bytes allocated @ 0x1000cc108
[+] Memory @ 0x1000cc108 successfully freed.
[+] 16 bytes allocated @ 0x1000cc108
 └──> Chunk @ 0x7cb868018160 fragmented => new freed chunk created @ 0x1000cc120
[+] Memory @ 0x1000cc108 successfully freed.
[+] 16 bytes allocated @ 0x1000cc108
[+] Memory @ 0x1000cc108 successfully freed.
[+] 24 bytes allocated @ 0x1000cc108
[+] Memory @ 0x1000cc108 successfully freed.
[+] 16 bytes allocated @ 0x1000cc120
[+] Memory @ 0x1000cc120 successfully freed.
[+] 8 bytes allocated @ 0x1000cc120
 └──> Chunk @ 0x7cb868018160 fragmented => new freed chunk created @ 0x1000cc130
[+] Memory @ 0x1000cc120 successfully freed.
[+] 8 bytes allocated @ 0x1000cc130
[+] Memory @ 0x1000cc130 successfully freed.
[+] 8 bytes allocated @ 0x1000cc130
[+] Memory @ 0x1000cc130 successfully freed.
[+] 16 bytes allocated @ 0x1000cc120
[+] Memory @ 0x1000cc120 successfully freed.
[+] 16 bytes allocated @ 0x1000cc120
[+] Memory @ 0x1000cc120 successfully freed.
[+] 8 bytes allocated @ 0x1000cc130
 └──> Chunk @ 0x7cb868018048 fragmented => new freed chunk created @ 0x1000cc140
[+] Memory @ 0x1000cc130 successfully freed.
[+] 8 bytes allocated @ 0x1000cc130
[+] Memory @ 0x1000cc130 successfully freed.
[+] 16 bytes allocated @ 0x1000cc140
[+] Memory @ 0x1000cc140 successfully freed.
[+] 16 bytes allocated @ 0x1000cc140
[+] Memory @ 0x1000cc140 successfully freed.
[+] 8 bytes allocated @ 0x1000cc130
 └──> Chunk @ 0x7cb868018048 fragmented => new freed chunk created @ 0x1000cc140
[+] Memory @ 0x1000cc130 successfully freed.
[+] 8 bytes allocated @ 0x1000cc130
[+] Memory @ 0x1000cc130 successfully freed.
[+] 24 bytes allocated @ 0x1000cc628
[+] Memory @ 0x1000cc628 successfully freed.
[+] 24 bytes allocated @ 0x1000cc628
[+] Memory @ 0x1000cc628 successfully freed.
[+] 24 bytes allocated @ 0x1000cc628
[+] Memory @ 0x1000cc628 successfully freed.
[+] 8 bytes allocated @ 0x1000cc130
 └──> Chunk @ 0x7cb868018208 fragmented => new freed chunk created @ 0x1000cc140
[+] Memory @ 0x1000cc130 successfully freed.
[+] 16 bytes allocated @ 0x1000cc140
[+] Memory @ 0x1000cc140 successfully freed.
[+] 16 bytes allocated @ 0x1000cc140
[+] Memory @ 0x1000cc140 successfully freed.
[+] 8 bytes allocated @ 0x1000cc130
 └──> Chunk @ 0x7cb868018048 fragmented => new freed chunk created @ 0x1000cc140
[+] Memory @ 0x1000cc130 successfully freed.
[+] 8 bytes allocated @ 0x1000cc130
[+] Memory @ 0x1000cc130 successfully freed.
[+] 8 bytes allocated @ 0x1000cc140
[+] Memory @ 0x1000cc140 successfully freed.
[+] 16 bytes allocated @ 0x1000cc140
[+] Memory @ 0x1000cc140 successfully freed.
[+] 16 bytes allocated @ 0x1000cc130
[+] Memory @ 0x1000cc130 successfully freed.
[+] 8 bytes allocated @ 0x1000cc130
 └──> Chunk @ 0x7cb868018208 fragmented => new freed chunk created @ 0x1000cc140
[+] Memory @ 0x1000cc130 successfully freed.
[+] 16 bytes allocated @ 0x1000cc628
[+] Memory @ 0x1000cc628 successfully freed.
[+] 16 bytes allocated @ 0x1000cc628
[+] Memory @ 0x1000cc628 successfully freed.
[+] 8 bytes allocated @ 0x1000cc130
 └──> Chunk @ 0x7cb868018048 fragmented => new freed chunk created @ 0x1000cc140
[+] Memory @ 0x1000cc130 successfully freed.
[+] 16 bytes allocated @ 0x1000cc130
[+] Memory @ 0x1000cc130 successfully freed.
[+] 8 bytes allocated @ 0x1000cc140
[+] Memory @ 0x1000cc140 successfully freed.
[+] 8 bytes allocated @ 0x1000cc140
 └──> Chunk @ 0x7cb868018208 fragmented => new freed chunk created @ 0x1000cc150
[+] Memory @ 0x1000cc140 successfully freed.
[+] 8 bytes allocated @ 0x1000cc150
[+] Memory @ 0x1000cc150 successfully freed.
[+] 8 bytes allocated @ 0x1000cc150
[+] Memory @ 0x1000cc150 successfully freed.
[+] 16 bytes allocated @ 0x1000cc140
[+] Memory @ 0x1000cc140 successfully freed.
[+] 16 bytes allocated @ 0x1000cc140
[+] Memory @ 0x1000cc140 successfully freed.
[+] 16 bytes allocated @ 0x1000cc150
[+] Memory @ 0x1000cc150 successfully freed.
[+] 16 bytes allocated @ 0x1000cc150
[+] Memory @ 0x1000cc150 successfully freed.
[+] 8 bytes allocated @ 0x1000cc140
 └──> Chunk @ 0x7cb868018048 fragmented => new freed chunk created @ 0x1000cc150
[+] Memory @ 0x1000cc140 successfully freed.
[+] 8 bytes allocated @ 0x1000cc140
[+] Memory @ 0x1000cc140 successfully freed.
[+] 8 bytes allocated @ 0x1000cc150
[+] Memory @ 0x1000cc150 successfully freed.
[+] 8 bytes allocated @ 0x1000cc150
[+] Memory @ 0x1000cc150 successfully freed.
[+] 8 bytes allocated @ 0x1000cc140
[+] Memory @ 0x1000cc140 successfully freed.
[+] 8 bytes allocated @ 0x1000cc140
[+] Memory @ 0x1000cc140 successfully freed.
[+] 8 bytes allocated @ 0x1000cc150
[+] Memory @ 0x1000cc150 successfully freed.
[+] 16 bytes allocated @ 0x1000cc150
[+] Memory @ 0x1000cc150 successfully freed.
[+] 8 bytes allocated @ 0x1000cc140
[+] Memory @ 0x1000cc140 successfully freed.
[+] 8 bytes allocated @ 0x1000cc140
 └──> Chunk @ 0x7cb868018208 fragmented => new freed chunk created @ 0x1000cc150
[+] Memory @ 0x1000cc140 successfully freed.
[+] 16 bytes allocated @ 0x1000cc140
[+] Memory @ 0x1000cc140 successfully freed.
[+] 8 bytes allocated @ 0x1000cc140
[+] Memory @ 0x1000cc140 successfully freed.
[+] 16 bytes allocated @ 0x1000cc140
[+] Memory @ 0x1000cc140 successfully freed.
[+] 16 bytes allocated @ 0x1000cc140
[+] Memory @ 0x1000cc140 successfully freed.
[+] 16 bytes allocated @ 0x1000cc140
[+] Memory @ 0x1000cc140 successfully freed.
[+] 16 bytes allocated @ 0x1000cc140
[+] Memory @ 0x1000cc140 successfully freed.
[+] 8 bytes allocated @ 0x1000cc140
 └──> Chunk @ 0x7cb868018048 fragmented => new freed chunk created @ 0x1000cc150
[+] Memory @ 0x1000cc140 successfully freed.
[+] 16 bytes allocated @ 0x1000cc140
[+] Memory @ 0x1000cc140 successfully freed.
[+] 16 bytes allocated @ 0x1000cc150
[+] Memory @ 0x1000cc150 successfully freed.
[+] 8 bytes allocated @ 0x1000cc150
 └──> Chunk @ 0x7cb868018208 fragmented => new freed chunk created @ 0x1000cc160
[+] Memory @ 0x1000cc150 successfully freed.
[+] 16 bytes allocated @ 0x1000cc150
[+] Memory @ 0x1000cc150 successfully freed.
[+] 24 bytes allocated @ 0x1000cc150
[+] Memory @ 0x1000cc150 successfully freed.
[+] 16 bytes allocated @ 0x1000cc150
[+] Memory @ 0x1000cc150 successfully freed.
[+] 24 bytes allocated @ 0x1000cc150
[+] Memory @ 0x1000cc150 successfully freed.
[+] 16 bytes allocated @ 0x1000cc150
[+] Memory @ 0x1000cc150 successfully freed.
[+] 8 bytes allocated @ 0x1000cc150
 └──> Chunk @ 0x7cb868018208 fragmented => new freed chunk created @ 0x1000cc160
[+] Memory @ 0x1000cc150 successfully freed.
[+] 8 bytes allocated @ 0x1000cc160
[+] Memory @ 0x1000cc160 successfully freed.
[+] 8 bytes allocated @ 0x1000cc160
[+] Memory @ 0x1000cc160 successfully freed.
[+] 8 bytes allocated @ 0x1000cc150
[+] Memory @ 0x1000cc150 successfully freed.
[+] 8 bytes allocated @ 0x1000cc150
[+] Memory @ 0x1000cc150 successfully freed.
[+] 8 bytes allocated @ 0x1000cc160
[+] Memory @ 0x1000cc160 successfully freed.
[+] 16 bytes allocated @ 0x1000cc160
[+] Memory @ 0x1000cc160 successfully freed.
[+] 8 bytes allocated @ 0x1000cc150
[+] Memory @ 0x1000cc150 successfully freed.
[+] 16 bytes allocated @ 0x1000cc150
[+] Memory @ 0x1000cc150 successfully freed.
[+] 8 bytes allocated @ 0x1000cc160
[+] Memory @ 0x1000cc160 successfully freed.
[+] 24 bytes allocated @ 0x1000cc160
[+] Memory @ 0x1000cc160 successfully freed.
[+] 16 bytes allocated @ 0x1000cc160
[+] Memory @ 0x1000cc160 successfully freed.
[+] 16 bytes allocated @ 0x1000cc160
 └──> Chunk @ 0x7cb868018208 fragmented => new freed chunk created @ 0x1000cc178
[+] Memory @ 0x1000cc160 successfully freed.
[+] 16 bytes allocated @ 0x1000cc150
[+] Memory @ 0x1000cc150 successfully freed.
[+] 8 bytes allocated @ 0x1000cc150
 └──> Chunk @ 0x7cb868018208 fragmented => new freed chunk created @ 0x1000cc160
[+] Memory @ 0x1000cc150 successfully freed.
[+] 16 bytes allocated @ 0x1000cc178
[+] Memory @ 0x1000cc178 successfully freed.
[+] 16 bytes allocated @ 0x1000cc178
[+] Memory @ 0x1000cc178 successfully freed.
[+] 16 bytes allocated @ 0x1000cc150
[+] Memory @ 0x1000cc150 successfully freed.
[+] 8 bytes allocated @ 0x1000cc150
 └──> Chunk @ 0x7cb868018208 fragmented => new freed chunk created @ 0x1000cc160
[+] Memory @ 0x1000cc150 successfully freed.
[+] 16 bytes allocated @ 0x1000cc160
[+] Memory @ 0x1000cc160 successfully freed.
[+] 8 bytes allocated @ 0x1000cc160
[+] Memory @ 0x1000cc160 successfully freed.
[+] 24 bytes allocated @ 0x1000cc150
[+] Memory @ 0x1000cc150 successfully freed.
[+] 16 bytes allocated @ 0x1000cc150
[+] Memory @ 0x1000cc150 successfully freed.
[+] 8 bytes allocated @ 0x1000cc160
 └──> Chunk @ 0x7cb868018048 fragmented => new freed chunk created @ 0x1000cc170
[+] Memory @ 0x1000cc160 successfully freed.
[+] 8 bytes allocated @ 0x1000cc160
[+] Memory @ 0x1000cc160 successfully freed.
[+] 8 bytes allocated @ 0x1000cc170
[+] Memory @ 0x1000cc170 successfully freed.
[+] 24 bytes allocated @ 0x1000cc160
[+] Memory @ 0x1000cc160 successfully freed.
[+] 16 bytes allocated @ 0x1000cc170
[+] Memory @ 0x1000cc170 successfully freed.
[+] 16 bytes allocated @ 0x1000cc170
 └──> Chunk @ 0x7cb868018208 fragmented => new freed chunk created @ 0x1000cc188
[+] Memory @ 0x1000cc170 successfully freed.
[+] 16 bytes allocated @ 0x1000cc160
[+] Memory @ 0x1000cc160 successfully freed.
[+] 16 bytes allocated @ 0x1000cc160
[+] Memory @ 0x1000cc160 successfully freed.
[+] 16 bytes allocated @ 0x1000cc170
[+] Memory @ 0x1000cc170 successfully freed.
[+] 16 bytes allocated @ 0x1000cc170
[+] Memory @ 0x1000cc170 successfully freed.
[+] 24 bytes allocated @ 0x1000cc160
[+] Memory @ 0x1000cc160 successfully freed.
[+] 8 bytes allocated @ 0x1000cc160
 └──> Chunk @ 0x7cb868018208 fragmented => new freed chunk created @ 0x1000cc170
[+] Memory @ 0x1000cc160 successfully freed.
[+] 8 bytes allocated @ 0x1000cc170
[+] Memory @ 0x1000cc170 successfully freed.
[+] 16 bytes allocated @ 0x1000cc170
[+] Memory @ 0x1000cc170 successfully freed.
[+] 16 bytes allocated @ 0x1000cc160
[+] Memory @ 0x1000cc160 successfully freed.
[+] 16 bytes allocated @ 0x1000cc160
[+] Memory @ 0x1000cc160 successfully freed.
[+] 16 bytes allocated @ 0x1000cc170
[+] Memory @ 0x1000cc170 successfully freed.
[+] 8 bytes allocated @ 0x1000cc170
 └──> Chunk @ 0x7cb868018208 fragmented => new freed chunk created @ 0x1000cc180
[+] Memory @ 0x1000cc170 successfully freed.
[+] 8 bytes allocated @ 0x1000cc180
[+] Memory @ 0x1000cc180 successfully freed.
[+] 16 bytes allocated @ 0x1000cc180
[+] Memory @ 0x1000cc180 successfully freed.
[+] 8 bytes allocated @ 0x1000cc170
[+] Memory @ 0x1000cc170 successfully freed.
[+] 8 bytes allocated @ 0x1000cc170
 └──> Chunk @ 0x7cb868018208 fragmented => new freed chunk created @ 0x1000cc180
[+] Memory @ 0x1000cc170 successfully freed.
[+] 8 bytes allocated @ 0x1000cc180
[+] Memory @ 0x1000cc180 successfully freed.
[+] 8 bytes allocated @ 0x1000cc180
[+] Memory @ 0x1000cc180 successfully freed.
[+] 16 bytes allocated @ 0x1000cc170
[+] Memory @ 0x1000cc170 successfully freed.
[+] 16 bytes allocated @ 0x1000cc170
[+] Memory @ 0x1000cc170 successfully freed.
[+] 24 bytes allocated @ 0x1000cc180
[+] Memory @ 0x1000cc180 successfully freed.
[+] 24 bytes allocated @ 0x1000cc180
[+] Memory @ 0x1000cc180 successfully freed.
[+] 24 bytes allocated @ 0x1000cc170
[+] Memory @ 0x1000cc170 successfully freed.
[+] 8 bytes allocated @ 0x1000cc170
 └──> Chunk @ 0x7cb868018208 fragmented => new freed chunk created @ 0x1000cc180
[+] Memory @ 0x1000cc170 successfully freed.
[+] 8 bytes allocated @ 0x1000cc180
[+] Memory @ 0x1000cc180 successfully freed.
[+] 16 bytes allocated @ 0x1000cc180
[+] Memory @ 0x1000cc180 successfully freed.
[+] 16 bytes allocated @ 0x1000cc170
[+] Memory @ 0x1000cc170 successfully freed.
[+] 8 bytes allocated @ 0x1000cc170
 └──> Chunk @ 0x7cb868018208 fragmented => new freed chunk created @ 0x1000cc180
[+] Memory @ 0x1000cc170 successfully freed.
[+] 8 bytes allocated @ 0x1000cc180
[+] Memory @ 0x1000cc180 successfully freed.
[+] 16 bytes allocated @ 0x1000cc180
[+] Memory @ 0x1000cc180 successfully freed.
[+] 8 bytes allocated @ 0x1000cc170
[+] Memory @ 0x1000cc170 successfully freed.
[+] 16 bytes allocated @ 0x1000cc170
[+] Memory @ 0x1000cc170 successfully freed.
[+] 16 bytes allocated @ 0x1000cc180
[+] Memory @ 0x1000cc180 successfully freed.
[+] 16 bytes allocated @ 0x1000cc180
[+] Memory @ 0x1000cc180 successfully freed.
[+] 16 bytes allocated @ 0x1000cc170
[+] Memory @ 0x1000cc170 successfully freed.
[+] 8 bytes allocated @ 0x1000cc170
 └──> Chunk @ 0x7cb868018208 fragmented => new freed chunk created @ 0x1000cc180
[+] Memory @ 0x1000cc170 successfully freed.
[+] 16 bytes allocated @ 0x1000cc188
[+] Memory @ 0x1000cc188 successfully freed.
[+] 8 bytes allocated @ 0x1000cc188
[+] Memory @ 0x1000cc188 successfully freed.
[+] 16 bytes allocated @ 0x1000cc170
[+] Memory @ 0x1000cc170 successfully freed.
[+] 16 bytes allocated @ 0x1000cc170
[+] Memory @ 0x1000cc170 successfully freed.
[+] 8 bytes allocated @ 0x1000cc188
 └──> Chunk @ 0x7cb868018048 fragmented => new freed chunk created @ 0x1000cc198
[+] Memory @ 0x1000cc188 successfully freed.
[+] 8 bytes allocated @ 0x1000cc188
[+] Memory @ 0x1000cc188 successfully freed.
[+] 8 bytes allocated @ 0x1000cc198
[+] Memory @ 0x1000cc198 successfully freed.
[+] 16 bytes allocated @ 0x1000cc198
[+] Memory @ 0x1000cc198 successfully freed.
[+] 16 bytes allocated @ 0x1000cc188
[+] Memory @ 0x1000cc188 successfully freed.
[+] 16 bytes allocated @ 0x1000cc188
[+] Memory @ 0x1000cc188 successfully freed.
[+] 8 bytes allocated @ 0x1000cc198
 └──> Chunk @ 0x7cb868018048 fragmented => new freed chunk created @ 0x1000cc1a8
[+] Memory @ 0x1000cc198 successfully freed.
[+] 24 bytes allocated @ 0x1000cc180
[+] Memory @ 0x1000cc180 successfully freed.
[+] 16 bytes allocated @ 0x1000cc198
[+] Memory @ 0x1000cc198 successfully freed.
[+] 8 bytes allocated @ 0x1000cc198
 └──> Chunk @ 0x7cb868018208 fragmented => new freed chunk created @ 0x1000cc1a8
[+] Memory @ 0x1000cc198 successfully freed.
[+] 16 bytes allocated @ 0x1000cc1a8
[+] Memory @ 0x1000cc1a8 successfully freed.
[+] 16 bytes allocated @ 0x1000cc1a8
[+] Memory @ 0x1000cc1a8 successfully freed.
[+] 16 bytes allocated @ 0x1000cc198
[+] Memory @ 0x1000cc198 successfully freed.
[+] 16 bytes allocated @ 0x1000cc198
[+] Memory @ 0x1000cc198 successfully freed.
[+] 24 bytes allocated @ 0x1000cc1a8
[+] Memory @ 0x1000cc1a8 successfully freed.
[+] 8 bytes allocated @ 0x1000cc1a8
 └──> Chunk @ 0x7cb868018208 fragmented => new freed chunk created @ 0x1000cc1b8
[+] Memory @ 0x1000cc1a8 successfully freed.
[+] 8 bytes allocated @ 0x1000cc1b8
[+] Memory @ 0x1000cc1b8 successfully freed.
[+] 16 bytes allocated @ 0x1000cc1b8
[+] Memory @ 0x1000cc1b8 successfully freed.
[+] 16 bytes allocated @ 0x1000cc1a8
[+] Memory @ 0x1000cc1a8 successfully freed.
[+] 16 bytes allocated @ 0x1000cc1a8
[+] Memory @ 0x1000cc1a8 successfully freed.
[+] 16 bytes allocated @ 0x1000cc1b8
[+] Memory @ 0x1000cc1b8 successfully freed.
[+] 16 bytes allocated @ 0x1000cc1b8
[+] Memory @ 0x1000cc1b8 successfully freed.
[+] 16 bytes allocated @ 0x1000cc1a8
[+] Memory @ 0x1000cc1a8 successfully freed.
[+] 16 bytes allocated @ 0x1000cc1a8
[+] Memory @ 0x1000cc1a8 successfully freed.
[+] 24 bytes allocated @ 0x1000cc1b8
[+] Memory @ 0x1000cc1b8 successfully freed.
[+] 24 bytes allocated @ 0x1000cc1b8
[+] Memory @ 0x1000cc1b8 successfully freed.
[+] 8 bytes allocated @ 0x1000cc1a8
 └──> Chunk @ 0x7cb868018048 fragmented => new freed chunk created @ 0x1000cc1b8
[+] Memory @ 0x1000cc1a8 successfully freed.
[+] 24 bytes allocated @ 0x1000cc1a8
[+] Memory @ 0x1000cc1a8 successfully freed.
[+] 24 bytes allocated @ 0x1000cc1b8
[+] Memory @ 0x1000cc1b8 successfully freed.
[+] 24 bytes allocated @ 0x1000cc1b8
[+] Memory @ 0x1000cc1b8 successfully freed.
[+] 24 bytes allocated @ 0x1000cc1a8
[+] Memory @ 0x1000cc1a8 successfully freed.
[+] 16 bytes allocated @ 0x1000cc1a8
 └──> Chunk @ 0x7cb868018208 fragmented => new freed chunk created @ 0x1000cc1c0
[+] Memory @ 0x1000cc1a8 successfully freed.
[+] 24 bytes allocated @ 0x1000cc1a8
[+] Memory @ 0x1000cc1a8 successfully freed.
[+] 24 bytes allocated @ 0x1000cc1a8
[+] Memory @ 0x1000cc1a8 successfully freed.
[+] 24 bytes allocated @ 0x1000cc1a8
[+] Memory @ 0x1000cc1a8 successfully freed.
[+] 16 bytes allocated @ 0x1000cc1a8
 └──> Chunk @ 0x7cb868018208 fragmented => new freed chunk created @ 0x1000cc1c0
[+] Memory @ 0x1000cc1a8 successfully freed.
[+] 16 bytes allocated @ 0x1000cc1c0
[+] Memory @ 0x1000cc1c0 successfully freed.
[+] 24 bytes allocated @ 0x1000cc1c0
[+] Memory @ 0x1000cc1c0 successfully freed.
[+] 24 bytes allocated @ 0x1000cc1a8
[+] Memory @ 0x1000cc1a8 successfully freed.
[+] 32 bytes allocated @ 0x1000cc1a8
[+] Memory @ 0x1000cc1a8 successfully freed.
[+] 24 bytes allocated @ 0x1000cc1c0
[+] Memory @ 0x1000cc1c0 successfully freed.
[+] 16 bytes allocated @ 0x1000cc1c0
 └──> Chunk @ 0x7cb868018208 fragmented => new freed chunk created @ 0x1000cc1d8
[+] Memory @ 0x1000cc1c0 successfully freed.
[+] 16 bytes allocated @ 0x1000cc1d8
[+] Memory @ 0x1000cc1d8 successfully freed.
[+] 24 bytes allocated @ 0x1000cc1d8
[+] Memory @ 0x1000cc1d8 successfully freed.
[+] 16 bytes allocated @ 0x1000cc1c0
[+] Memory @ 0x1000cc1c0 successfully freed.
[+] 8 bytes allocated @ 0x1000cc1c0
 └──> Chunk @ 0x7cb868018208 fragmented => new freed chunk created @ 0x1000cc1d0
[+] Memory @ 0x1000cc1c0 successfully freed.
[+] 16 bytes allocated @ 0x1000cc1d0
[+] Memory @ 0x1000cc1d0 successfully freed.
[+] 8 bytes allocated @ 0x1000cc1d0
[+] Memory @ 0x1000cc1d0 successfully freed.
[+] 8 bytes allocated @ 0x1000cc1c0
 └──> Chunk @ 0x7cb868018048 fragmented => new freed chunk created @ 0x1000cc1d0
[+] Memory @ 0x1000cc1c0 successfully freed.
[+] 8 bytes allocated @ 0x1000cc1c0
[+] Memory @ 0x1000cc1c0 successfully freed.
[+] 8 bytes allocated @ 0x1000cc1d0
[+] Memory @ 0x1000cc1d0 successfully freed.
[+] 16 bytes allocated @ 0x1000cc1d0
[+] Memory @ 0x1000cc1d0 successfully freed.
[+] 24 bytes allocated @ 0x1000cc1c0
[+] Memory @ 0x1000cc1c0 successfully freed.
[+] 8 bytes allocated @ 0x1000cc1c0
 └──> Chunk @ 0x7cb868018208 fragmented => new freed chunk created @ 0x1000cc1d0
[+] Memory @ 0x1000cc1c0 successfully freed.
[+] 16 bytes allocated @ 0x1000cc1c0
[+] Memory @ 0x1000cc1c0 successfully freed.
[+] 16 bytes allocated @ 0x1000cc1c0
[+] Memory @ 0x1000cc1c0 successfully freed.
[+] 16 bytes allocated @ 0x1000cc1c0
[+] Memory @ 0x1000cc1c0 successfully freed.
[+] 8 bytes allocated @ 0x1000cc1c0
 └──> Chunk @ 0x7cb868018208 fragmented => new freed chunk created @ 0x1000cc1d0
[+] Memory @ 0x1000cc1c0 successfully freed.
[+] 8 bytes allocated @ 0x1000cc1d0
[+] Memory @ 0x1000cc1d0 successfully freed.
[+] 16 bytes allocated @ 0x1000cc1d0
[+] Memory @ 0x1000cc1d0 successfully freed.
[+] 24 bytes allocated @ 0x1000cc1d0
[+] Memory @ 0x1000cc1d0 successfully freed.
[+] 16 bytes allocated @ 0x1000cc1d0
[+] Memory @ 0x1000cc1d0 successfully freed.
[+] 16 bytes allocated @ 0x1000cc1d0
 └──> Chunk @ 0x7cb868018048 fragmented => new freed chunk created @ 0x1000cc1e8
[+] Memory @ 0x1000cc1d0 successfully freed.
[+] 16 bytes allocated @ 0x1000cc1d0
[+] Memory @ 0x1000cc1d0 successfully freed.
[+] 8 bytes allocated @ 0x1000cc1e8
 └──> Chunk @ 0x7cb868018048 fragmented => new freed chunk created @ 0x1000cc1f8
[+] Memory @ 0x1000cc1e8 successfully freed.
[+] 16 bytes allocated @ 0x1000cc1e8
[+] Memory @ 0x1000cc1e8 successfully freed.
[+] 16 bytes allocated @ 0x1000cc1f8
[+] Memory @ 0x1000cc1f8 successfully freed.
[+] 16 bytes allocated @ 0x1000cc1f8
[+] Memory @ 0x1000cc1f8 successfully freed.
[+] 16 bytes allocated @ 0x1000cc1e8
[+] Memory @ 0x1000cc1e8 successfully freed.
[+] 16 bytes allocated @ 0x1000cc1e8
[+] Memory @ 0x1000cc1e8 successfully freed.
[+] 8 bytes allocated @ 0x1000cc1f8
 └──> Chunk @ 0x7cb868018048 fragmented => new freed chunk created @ 0x1000cc208
[+] Memory @ 0x1000cc1f8 successfully freed.
[+] 16 bytes allocated @ 0x1000cc1f8
[+] Memory @ 0x1000cc1f8 successfully freed.
[+] 16 bytes allocated @ 0x1000cc208
[+] Memory @ 0x1000cc208 successfully freed.
[+] 16 bytes allocated @ 0x1000cc208
[+] Memory @ 0x1000cc208 successfully freed.
[+] 16 bytes allocated @ 0x1000cc1f8
[+] Memory @ 0x1000cc1f8 successfully freed.
[+] 16 bytes allocated @ 0x1000cc1f8
[+] Memory @ 0x1000cc1f8 successfully freed.
[+] 8 bytes allocated @ 0x1000cc208
 └──> Chunk @ 0x7cb868018048 fragmented => new freed chunk created @ 0x1000cc218
[+] Memory @ 0x1000cc208 successfully freed.
[+] 8 bytes allocated @ 0x1000cc208
[+] Memory @ 0x1000cc208 successfully freed.
[+] 16 bytes allocated @ 0x1000cc218
[+] Memory @ 0x1000cc218 successfully freed.
[+] 16 bytes allocated @ 0x1000cc218
[+] Memory @ 0x1000cc218 successfully freed.
[+] 16 bytes allocated @ 0x1000cc208
[+] Memory @ 0x1000cc208 successfully freed.
[+] 16 bytes allocated @ 0x1000cc208
[+] Memory @ 0x1000cc208 successfully freed.
[+] 16 bytes allocated @ 0x1000cc218
[+] Memory @ 0x1000cc218 successfully freed.
[+] 16 bytes allocated @ 0x1000cc218
[+] Memory @ 0x1000cc218 successfully freed.
[+] 16 bytes allocated @ 0x1000cc208
[+] Memory @ 0x1000cc208 successfully freed.
[+] 16 bytes allocated @ 0x1000cc208
[+] Memory @ 0x1000cc208 successfully freed.
[+] 16 bytes allocated @ 0x1000cc218
[+] Memory @ 0x1000cc218 successfully freed.
[+] 16 bytes allocated @ 0x1000cc218
[+] Memory @ 0x1000cc218 successfully freed.
[+] 8 bytes allocated @ 0x1000cc208
 └──> Chunk @ 0x7cb868018048 fragmented => new freed chunk created @ 0x1000cc218
[+] Memory @ 0x1000cc208 successfully freed.
[+] 16 bytes allocated @ 0x1000cc208
[+] Memory @ 0x1000cc208 successfully freed.
[+] 16 bytes allocated @ 0x1000cc218
[+] Memory @ 0x1000cc218 successfully freed.
[+] 8 bytes allocated @ 0x1000cc218
 └──> Chunk @ 0x7cb868018208 fragmented => new freed chunk created @ 0x1000cc228
[+] Memory @ 0x1000cc218 successfully freed.
[+] 16 bytes allocated @ 0x1000cc1c0
[+] Memory @ 0x1000cc1c0 successfully freed.
[+] 16 bytes allocated @ 0x1000cc1c0
[+] Memory @ 0x1000cc1c0 successfully freed.
[+] 16 bytes allocated @ 0x1000cc218
[+] Memory @ 0x1000cc218 successfully freed.
[+] 8 bytes allocated @ 0x1000cc218
 └──> Chunk @ 0x7cb868018208 fragmented => new freed chunk created @ 0x1000cc228
[+] Memory @ 0x1000cc218 successfully freed.
[+] 8 bytes allocated @ 0x1000cc228
[+] Memory @ 0x1000cc228 successfully freed.
[+] 8 bytes allocated @ 0x1000cc228
[+] Memory @ 0x1000cc228 successfully freed.
[+] 8 bytes allocated @ 0x1000cc218
[+] Memory @ 0x1000cc218 successfully freed.
[+] 16 bytes allocated @ 0x1000cc218
[+] Memory @ 0x1000cc218 successfully freed.
[+] 16 bytes allocated @ 0x1000cc228
[+] Memory @ 0x1000cc228 successfully freed.
[+] 16 bytes allocated @ 0x1000cc228
[+] Memory @ 0x1000cc228 successfully freed.
[+] 8 bytes allocated @ 0x1000cc218
 └──> Chunk @ 0x7cb868018048 fragmented => new freed chunk created @ 0x1000cc228
[+] Memory @ 0x1000cc218 successfully freed.
[+] 16 bytes allocated @ 0x1000cc218
[+] Memory @ 0x1000cc218 successfully freed.
[+] 16 bytes allocated @ 0x1000cc228
[+] Memory @ 0x1000cc228 successfully freed.
[+] 16 bytes allocated @ 0x1000cc228
[+] Memory @ 0x1000cc228 successfully freed.
[+] 16 bytes allocated @ 0x1000cc218
[+] Memory @ 0x1000cc218 successfully freed.
[+] 16 bytes allocated @ 0x1000cc218
[+] Memory @ 0x1000cc218 successfully freed.
[+] 16 bytes allocated @ 0x1000cc228
[+] Memory @ 0x1000cc228 successfully freed.
[+] 8 bytes allocated @ 0x1000cc228
 └──> Chunk @ 0x7cb868018208 fragmented => new freed chunk created @ 0x1000cc238
[+] Memory @ 0x1000cc228 successfully freed.
[+] 16 bytes allocated @ 0x1000cc228
[+] Memory @ 0x1000cc228 successfully freed.
[+] 16 bytes allocated @ 0x1000cc228
[+] Memory @ 0x1000cc228 successfully freed.
[+] 8 bytes allocated @ 0x1000cc228
 └──> Chunk @ 0x7cb868018048 fragmented => new freed chunk created @ 0x1000cc238
[+] Memory @ 0x1000cc228 successfully freed.
[+] 16 bytes allocated @ 0x1000cc228
[+] Memory @ 0x1000cc228 successfully freed.
[+] 8 bytes allocated @ 0x1000cc238
[+] Memory @ 0x1000cc238 successfully freed.
[+] 16 bytes allocated @ 0x1000cc238
[+] Memory @ 0x1000cc238 successfully freed.
[+] 8 bytes allocated @ 0x1000cc228
[+] Memory @ 0x1000cc228 successfully freed.
[+] 8 bytes allocated @ 0x1000cc228
 └──> Chunk @ 0x7cb868018208 fragmented => new freed chunk created @ 0x1000cc238
[+] Memory @ 0x1000cc228 successfully freed.
[+] 8 bytes allocated @ 0x1000cc238
[+] Memory @ 0x1000cc238 successfully freed.
[+] 16 bytes allocated @ 0x1000cc238
[+] Memory @ 0x1000cc238 successfully freed.
[+] 8 bytes allocated @ 0x1000cc228
[+] Memory @ 0x1000cc228 successfully freed.
[+] 8 bytes allocated @ 0x1000cc228
 └──> Chunk @ 0x7cb868018208 fragmented => new freed chunk created @ 0x1000cc238
[+] Memory @ 0x1000cc228 successfully freed.
[+] 8 bytes allocated @ 0x1000cc238
[+] Memory @ 0x1000cc238 successfully freed.
[+] 16 bytes allocated @ 0x1000cc238
[+] Memory @ 0x1000cc238 successfully freed.
[+] 16 bytes allocated @ 0x1000cc228
[+] Memory @ 0x1000cc228 successfully freed.
[+] 8 bytes allocated @ 0x1000cc228
 └──> Chunk @ 0x7cb868018208 fragmented => new freed chunk created @ 0x1000cc238
[+] Memory @ 0x1000cc228 successfully freed.
[+] 8 bytes allocated @ 0x1000cc238
[+] Memory @ 0x1000cc238 successfully freed.
[+] 16 bytes allocated @ 0x1000cc238
[+] Memory @ 0x1000cc238 successfully freed.
[+] 8 bytes allocated @ 0x1000cc228
[+] Memory @ 0x1000cc228 successfully freed.
[+] 16 bytes allocated @ 0x1000cc228
[+] Memory @ 0x1000cc228 successfully freed.
[+] 8 bytes allocated @ 0x1000cc238
[+] Memory @ 0x1000cc238 successfully freed.
[+] 16 bytes allocated @ 0x1000cc238
[+] Memory @ 0x1000cc238 successfully freed.
[+] 24 bytes allocated @ 0x1000cc238
[+] Memory @ 0x1000cc238 successfully freed.
[+] 8 bytes allocated @ 0x1000cc238
 └──> Chunk @ 0x7cb868018208 fragmented => new freed chunk created @ 0x1000cc248
[+] Memory @ 0x1000cc238 successfully freed.
[+] 24 bytes allocated @ 0x1000cc228
[+] Memory @ 0x1000cc228 successfully freed.
[+] 8 bytes allocated @ 0x1000cc228
[+] Memory @ 0x1000cc228 successfully freed.
[+] 8 bytes allocated @ 0x1000cc238
 └──> Chunk @ 0x7cb868018048 fragmented => new freed chunk created @ 0x1000cc248
[+] Memory @ 0x1000cc238 successfully freed.
[+] 8 bytes allocated @ 0x1000cc238
[+] Memory @ 0x1000cc238 successfully freed.
[+] 8 bytes allocated @ 0x1000cc248
[+] Memory @ 0x1000cc248 successfully freed.
[+] 8 bytes allocated @ 0x1000cc248
[+] Memory @ 0x1000cc248 successfully freed.
[+] 8 bytes allocated @ 0x1000cc238
[+] Memory @ 0x1000cc238 successfully freed.
[+] 8 bytes allocated @ 0x1000cc238
[+] Memory @ 0x1000cc238 successfully freed.
[+] 8 bytes allocated @ 0x1000cc248
[+] Memory @ 0x1000cc248 successfully freed.
[+] 16 bytes allocated @ 0x1000cc248
[+] Memory @ 0x1000cc248 successfully freed.
[+] 16 bytes allocated @ 0x1000cc238
[+] Memory @ 0x1000cc238 successfully freed.
[+] 24 bytes allocated @ 0x1000cc238
[+] Memory @ 0x1000cc238 successfully freed.
[+] 16 bytes allocated @ 0x1000cc248
[+] Memory @ 0x1000cc248 successfully freed.
[+] 16 bytes allocated @ 0x1000cc248
 └──> Chunk @ 0x7cb868018208 fragmented => new freed chunk created @ 0x1000cc260
[+] Memory @ 0x1000cc248 successfully freed.
[+] 16 bytes allocated @ 0x1000cc248
[+] Memory @ 0x1000cc248 successfully freed.
[+] 16 bytes allocated @ 0x1000cc248
[+] Memory @ 0x1000cc248 successfully freed.
[+] 8 bytes allocated @ 0x1000cc248
 └──> Chunk @ 0x7cb868018048 fragmented => new freed chunk created @ 0x1000cc258
[+] Memory @ 0x1000cc248 successfully freed.
[+] 16 bytes allocated @ 0x1000cc248
[+] Memory @ 0x1000cc248 successfully freed.
[+] 16 bytes allocated @ 0x1000cc258
[+] Memory @ 0x1000cc258 successfully freed.
[+] 24 bytes allocated @ 0x1000cc258
[+] Memory @ 0x1000cc258 successfully freed.
[+] 16 bytes allocated @ 0x1000cc248
[+] Memory @ 0x1000cc248 successfully freed.
[+] 24 bytes allocated @ 0x1000cc248
[+] Memory @ 0x1000cc248 successfully freed.
[+] 8 bytes allocated @ 0x1000cc258
 └──> Chunk @ 0x7cb868018048 fragmented => new freed chunk created @ 0x1000cc268
[+] Memory @ 0x1000cc258 successfully freed.
[+] 8 bytes allocated @ 0x1000cc258
[+] Memory @ 0x1000cc258 successfully freed.
[+] 16 bytes allocated @ 0x1000cc268
[+] Memory @ 0x1000cc268 successfully freed.
[+] 16 bytes allocated @ 0x1000cc268
[+] Memory @ 0x1000cc268 successfully freed.
[+] 8 bytes allocated @ 0x1000cc258
 └──> Chunk @ 0x7cb868018048 fragmented => new freed chunk created @ 0x1000cc268
[+] Memory @ 0x1000cc258 successfully freed.
[+] 16 bytes allocated @ 0x1000cc258
[+] Memory @ 0x1000cc258 successfully freed.
[+] 8 bytes allocated @ 0x1000cc268
[+] Memory @ 0x1000cc268 successfully freed.
[+] 8 bytes allocated @ 0x1000cc268
 └──> Chunk @ 0x7cb868018208 fragmented => new freed chunk created @ 0x1000cc278
[+] Memory @ 0x1000cc268 successfully freed.
[+] 8 bytes allocated @ 0x1000cc278
[+] Memory @ 0x1000cc278 successfully freed.
[+] 8 bytes allocated @ 0x1000cc278
[+] Memory @ 0x1000cc278 successfully freed.
[+] 8 bytes allocated @ 0x1000cc268
[+] Memory @ 0x1000cc268 successfully freed.
[+] 8 bytes allocated @ 0x1000cc268
[+] Memory @ 0x1000cc268 successfully freed.
[+] 16 bytes allocated @ 0x1000cc278
[+] Memory @ 0x1000cc278 successfully freed.
[+] 8 bytes allocated @ 0x1000cc278
[+] Memory @ 0x1000cc278 successfully freed.
[+] 8 bytes allocated @ 0x1000cc268
 └──> Chunk @ 0x7cb868018048 fragmented => new freed chunk created @ 0x1000cc278
[+] Memory @ 0x1000cc268 successfully freed.
[+] 16 bytes allocated @ 0x1000cc268
[+] Memory @ 0x1000cc268 successfully freed.
[+] 8 bytes allocated @ 0x1000cc278
[+] Memory @ 0x1000cc278 successfully freed.
[+] 8 bytes allocated @ 0x1000cc278
 └──> Chunk @ 0x7cb868018208 fragmented => new freed chunk created @ 0x1000cc288
[+] Memory @ 0x1000cc278 successfully freed.
[+] 8 bytes allocated @ 0x1000cc288
[+] Memory @ 0x1000cc288 successfully freed.
[+] 8 bytes allocated @ 0x1000cc288
[+] Memory @ 0x1000cc288 successfully freed.
[+] 16 bytes allocated @ 0x1000cc278
[+] Memory @ 0x1000cc278 successfully freed.
[+] 24 bytes allocated @ 0x1000cc278
[+] Memory @ 0x1000cc278 successfully freed.
[+] 8 bytes allocated @ 0x1000cc288
 └──> Chunk @ 0x7cb868018048 fragmented => new freed chunk created @ 0x1000cc298
[+] Memory @ 0x1000cc288 successfully freed.
[+] 8 bytes allocated @ 0x1000cc288
[+] Memory @ 0x1000cc288 successfully freed.
[+] 8 bytes allocated @ 0x1000cc298
[+] Memory @ 0x1000cc298 successfully freed.
[+] 8 bytes allocated @ 0x1000cc298
[+] Memory @ 0x1000cc298 successfully freed.
[+] 8 bytes allocated @ 0x1000cc288
[+] Memory @ 0x1000cc288 successfully freed.
[+] 16 bytes allocated @ 0x1000cc288
[+] Memory @ 0x1000cc288 successfully freed.
[+] 8 bytes allocated @ 0x1000cc298
[+] Memory @ 0x1000cc298 successfully freed.
[+] 8 bytes allocated @ 0x1000cc298
 └──> Chunk @ 0x7cb868018208 fragmented => new freed chunk created @ 0x1000cc2a8
[+] Memory @ 0x1000cc298 successfully freed.
[+] 8 bytes allocated @ 0x1000cc2a8
[+] Memory @ 0x1000cc2a8 successfully freed.
[+] 8 bytes allocated @ 0x1000cc2a8
[+] Memory @ 0x1000cc2a8 successfully freed.
[+] 8 bytes allocated @ 0x1000cc298
[+] Memory @ 0x1000cc298 successfully freed.
[+] 8 bytes allocated @ 0x1000cc298
[+] Memory @ 0x1000cc298 successfully freed.
